#-----------------------------------------------------------
# Vivado v2019.1 (64-bit)
# SW Build 2552052 on Fri May 24 14:49:42 MDT 2019
# IP Build 2548770 on Fri May 24 18:01:18 MDT 2019
# Start of session at: Mon Mar 14 10:33:10 2022
# Process ID: 11052
# Current directory: C:/Users/smn90/Desktop/新建文件夹/axi_slave_soc/axi_slave
# Command line: vivado.exe -gui_launcher_event rodinguilauncherevent12748 C:\Users\smn90\Desktop\新建文件夹\axi_slave_soc\axi_slave\axi_slave.xpr
# Log file: C:/Users/smn90/Desktop/新建文件夹/axi_slave_soc/axi_slave/vivado.log
# Journal file: C:/Users/smn90/Desktop/新建文件夹/axi_slave_soc/axi_slave\vivado.jou
#-----------------------------------------------------------
start_gui
open_project C:/Users/smn90/Desktop/新建文件夹/axi_slave_soc/axi_slave/axi_slave.xpr
INFO: [Project 1-313] Project file moved from 'C:/Users/smn90/Desktop/axi_slave_soc/axi_slave' since last save.
Scanning sources...
Finished scanning sources
INFO: [IP_Flow 19-234] Refreshing IP repositories
INFO: [IP_Flow 19-1704] No user IP repositories specified
INFO: [IP_Flow 19-2313] Loaded Vivado IP repository 'C:/Xilinx/Vivado/2019.1/data/ip'.
WARNING: [IP_Flow 19-2162] IP 'pll0' is locked:
* IP definition 'Clocking Wizard (6.0)' for IP 'pll0' (customized with software release 2018.3) has a different revision in the IP Catalog.
open_project: Time (s): cpu = 00:00:22 ; elapsed = 00:00:09 . Memory (MB): peak = 708.141 ; gain = 83.434
update_compile_order -fileset sources_1
exit
INFO: [Common 17-206] Exiting Vivado at Mon Mar 14 10:34:11 2022...
