#-----------------------------------------------------------
# Vivado v2019.1 (64-bit)
# SW Build 2552052 on Fri May 24 14:49:42 MDT 2019
# IP Build 2548770 on Fri May 24 18:01:18 MDT 2019
# Start of session at: Sun Jan 16 16:17:08 2022
# Process ID: 11240
# Current directory: C:/Users/王海舟/Desktop/axi_slave_soc/axi_slave
# Command line: vivado.exe -gui_launcher_event rodinguilauncherevent3984 C:\Users\王海舟\Desktop\axi_slave_soc\axi_slave\axi_slave.xpr
# Log file: C:/Users/王海舟/Desktop/axi_slave_soc/axi_slave/vivado.log
# Journal file: C:/Users/王海舟/Desktop/axi_slave_soc/axi_slave\vivado.jou
#-----------------------------------------------------------
start_gui
open_project C:/Users/王海舟/Desktop/axi_slave_soc/axi_slave/axi_slave.xpr
Scanning sources...
Finished scanning sources
INFO: [IP_Flow 19-234] Refreshing IP repositories
INFO: [IP_Flow 19-1704] No user IP repositories specified
INFO: [IP_Flow 19-2313] Loaded Vivado IP repository 'D:/vivado/Vivado/2019.1/data/ip'.
WARNING: [IP_Flow 19-2162] IP 'pll0' is locked:
* IP definition 'Clocking Wizard (6.0)' for IP 'pll0' (customized with software release 2018.3) has a different revision in the IP Catalog.
open_project: Time (s): cpu = 00:00:32 ; elapsed = 00:00:16 . Memory (MB): peak = 797.641 ; gain = 166.977
update_compile_order -fileset sources_1
reset_run synth_1
launch_runs synth_1 -jobs 4
[Sun Jan 16 16:18:04 2022] Launched synth_1...
Run output will be captured here: C:/Users/王海舟/Desktop/axi_slave_soc/axi_slave/axi_slave.runs/synth_1/runme.log
exit
INFO: [Common 17-206] Exiting Vivado at Sun Jan 16 17:00:15 2022...
