INFO: [VRFC 10-2263] Analyzing Verilog file "C:/Users/smn90/Desktop/axi_slave_soc/axi_slave/axi_slave.sim/sim_1/synth/func/xsim/sim_top_func_synth.v" into library xil_defaultlib
INFO: [VRFC 10-311] analyzing module DP8X72
INFO: [VRFC 10-311] analyzing module FPGA_REMPTY_SCALAFIFO_to_ASFIFO8x72
INFO: [VRFC 10-311] analyzing module FPGA_REMPTY_SCALAFIFO_to_ASFIFO8x72_87
INFO: [VRFC 10-311] analyzing module FPGA_SCALAFIFO8x72
INFO: [VRFC 10-311] analyzing module FPGA_SCALAFIFO8x72_88
INFO: [VRFC 10-311] analyzing module FPGA_SCALRPTR8x72
INFO: [VRFC 10-311] analyzing module FPGA_SCALRPTR8x72_89
INFO: [VRFC 10-311] analyzing module FPGA_SCALWPTR8x72
INFO: [VRFC 10-311] analyzing module FPGA_SCALWPTR8x72_90
INFO: [VRFC 10-311] analyzing module aim_dflop
INFO: [VRFC 10-311] analyzing module aim_dflop_0
INFO: [VRFC 10-311] analyzing module aim_reset_sync
INFO: [VRFC 10-311] analyzing module axi_bus_m32_bridge
INFO: [VRFC 10-311] analyzing module axi_dwidth_converter_s32m64
INFO: [VRFC 10-311] analyzing module axi_dwidth_converter_s32m64_axi_dwidth_converter_v2_1_18_a_upsizer
INFO: [VRFC 10-311] analyzing module axi_dwidth_converter_s32m64_axi_dwidth_converter_v2_1_18_a_upsizer__parameterized0
INFO: [VRFC 10-311] analyzing module axi_dwidth_converter_s32m64_axi_dwidth_converter_v2_1_18_axi_upsizer
INFO: [VRFC 10-311] analyzing module axi_dwidth_converter_s32m64_axi_dwidth_converter_v2_1_18_r_upsizer
INFO: [VRFC 10-311] analyzing module axi_dwidth_converter_s32m64_axi_dwidth_converter_v2_1_18_top
INFO: [VRFC 10-311] analyzing module axi_dwidth_converter_s32m64_axi_dwidth_converter_v2_1_18_w_upsizer
INFO: [VRFC 10-311] analyzing module axi_dwidth_converter_s32m64_axi_register_slice_v2_1_18_axi_register_slice
INFO: [VRFC 10-311] analyzing module axi_dwidth_converter_s32m64_axi_register_slice_v2_1_18_axi_register_slice__parameterized0
INFO: [VRFC 10-311] analyzing module axi_dwidth_converter_s32m64_axi_register_slice_v2_1_18_axic_register_slice__parameterized2
INFO: [VRFC 10-311] analyzing module axi_dwidth_converter_s32m64_axi_register_slice_v2_1_18_axic_register_slice__parameterized3
INFO: [VRFC 10-311] analyzing module axi_dwidth_converter_s32m64_axi_register_slice_v2_1_18_axic_register_slice__parameterized3_0
INFO: [VRFC 10-311] analyzing module axi_dwidth_converter_s32m64_generic_baseblocks_v2_1_0_command_fifo
INFO: [VRFC 10-311] analyzing module axi_dwidth_converter_s32m64_generic_baseblocks_v2_1_0_command_fifo_2
INFO: [VRFC 10-311] analyzing module axi_dwidth_converter_s32m64_generic_baseblocks_v2_1_0_command_fifo__parameterized0
INFO: [VRFC 10-311] analyzing module axi_dwidth_converter_s32m64_generic_baseblocks_v2_1_0_command_fifo__parameterized0_1
INFO: [VRFC 10-311] analyzing module axi_dwidth_converter_s64m32
INFO: [VRFC 10-311] analyzing module axi_dwidth_converter_s64m32_axi_data_fifo_v2_1_17_axic_fifo
INFO: [VRFC 10-311] analyzing module axi_dwidth_converter_s64m32_axi_data_fifo_v2_1_17_axic_fifo__parameterized0
INFO: [VRFC 10-311] analyzing module axi_dwidth_converter_s64m32_axi_data_fifo_v2_1_17_axic_fifo__parameterized1
INFO: [VRFC 10-311] analyzing module axi_dwidth_converter_s64m32_axi_data_fifo_v2_1_17_axic_fifo__parameterized2
INFO: [VRFC 10-311] analyzing module axi_dwidth_converter_s64m32_axi_data_fifo_v2_1_17_axic_fifo__parameterized2__xdcDup__1
INFO: [VRFC 10-311] analyzing module axi_dwidth_converter_s64m32_axi_data_fifo_v2_1_17_axic_fifo__xdcDup__1
INFO: [VRFC 10-311] analyzing module axi_dwidth_converter_s64m32_axi_data_fifo_v2_1_17_fifo_gen
INFO: [VRFC 10-311] analyzing module axi_dwidth_converter_s64m32_axi_data_fifo_v2_1_17_fifo_gen__parameterized0
INFO: [VRFC 10-311] analyzing module axi_dwidth_converter_s64m32_axi_data_fifo_v2_1_17_fifo_gen__parameterized1
INFO: [VRFC 10-311] analyzing module axi_dwidth_converter_s64m32_axi_data_fifo_v2_1_17_fifo_gen__parameterized2
INFO: [VRFC 10-311] analyzing module axi_dwidth_converter_s64m32_axi_data_fifo_v2_1_17_fifo_gen__parameterized2__xdcDup__1
INFO: [VRFC 10-311] analyzing module axi_dwidth_converter_s64m32_axi_data_fifo_v2_1_17_fifo_gen__xdcDup__1
INFO: [VRFC 10-311] analyzing module axi_dwidth_converter_s64m32_axi_dwidth_converter_v2_1_18_a_downsizer
INFO: [VRFC 10-311] analyzing module axi_dwidth_converter_s64m32_axi_dwidth_converter_v2_1_18_a_downsizer__parameterized0
INFO: [VRFC 10-311] analyzing module axi_dwidth_converter_s64m32_axi_dwidth_converter_v2_1_18_axi_downsizer
INFO: [VRFC 10-311] analyzing module axi_dwidth_converter_s64m32_axi_dwidth_converter_v2_1_18_b_downsizer
INFO: [VRFC 10-311] analyzing module axi_dwidth_converter_s64m32_axi_dwidth_converter_v2_1_18_r_downsizer
INFO: [VRFC 10-311] analyzing module axi_dwidth_converter_s64m32_axi_dwidth_converter_v2_1_18_top
INFO: [VRFC 10-311] analyzing module axi_dwidth_converter_s64m32_axi_dwidth_converter_v2_1_18_w_downsizer
INFO: [VRFC 10-311] analyzing module axi_dwidth_converter_s64m32_axi_protocol_converter_v2_1_18_a_axi3_conv
INFO: [VRFC 10-311] analyzing module axi_dwidth_converter_s64m32_axi_protocol_converter_v2_1_18_a_axi3_conv__parameterized0
INFO: [VRFC 10-311] analyzing module axi_dwidth_converter_s64m32_axi_protocol_converter_v2_1_18_axi3_conv
INFO: [VRFC 10-311] analyzing module axi_dwidth_converter_s64m32_axi_protocol_converter_v2_1_18_axi_protocol_converter
INFO: [VRFC 10-311] analyzing module axi_dwidth_converter_s64m32_axi_protocol_converter_v2_1_18_b_downsizer
INFO: [VRFC 10-311] analyzing module axi_dwidth_converter_s64m32_axi_protocol_converter_v2_1_18_w_axi3_conv
INFO: [VRFC 10-311] analyzing module axi_dwidth_converter_s64m32_dmem
INFO: [VRFC 10-311] analyzing module axi_dwidth_converter_s64m32_dmem_3
INFO: [VRFC 10-311] analyzing module axi_dwidth_converter_s64m32_dmem__parameterized0
INFO: [VRFC 10-311] analyzing module axi_dwidth_converter_s64m32_dmem__parameterized1
INFO: [VRFC 10-311] analyzing module axi_dwidth_converter_s64m32_dmem__parameterized2
INFO: [VRFC 10-311] analyzing module axi_dwidth_converter_s64m32_dmem__parameterized2_33
INFO: [VRFC 10-311] analyzing module axi_dwidth_converter_s64m32_fifo_generator_ramfifo
INFO: [VRFC 10-311] analyzing module axi_dwidth_converter_s64m32_fifo_generator_ramfifo__parameterized0
INFO: [VRFC 10-311] analyzing module axi_dwidth_converter_s64m32_fifo_generator_ramfifo__parameterized1
INFO: [VRFC 10-311] analyzing module axi_dwidth_converter_s64m32_fifo_generator_ramfifo__parameterized2
INFO: [VRFC 10-311] analyzing module axi_dwidth_converter_s64m32_fifo_generator_ramfifo__parameterized2__xdcDup__1
INFO: [VRFC 10-311] analyzing module axi_dwidth_converter_s64m32_fifo_generator_ramfifo__xdcDup__1
INFO: [VRFC 10-311] analyzing module axi_dwidth_converter_s64m32_fifo_generator_top
INFO: [VRFC 10-311] analyzing module axi_dwidth_converter_s64m32_fifo_generator_top__parameterized0
INFO: [VRFC 10-311] analyzing module axi_dwidth_converter_s64m32_fifo_generator_top__parameterized1
INFO: [VRFC 10-311] analyzing module axi_dwidth_converter_s64m32_fifo_generator_top__parameterized2
INFO: [VRFC 10-311] analyzing module axi_dwidth_converter_s64m32_fifo_generator_top__parameterized2__xdcDup__1
INFO: [VRFC 10-311] analyzing module axi_dwidth_converter_s64m32_fifo_generator_top__xdcDup__1
INFO: [VRFC 10-311] analyzing module axi_dwidth_converter_s64m32_fifo_generator_v13_2_3
INFO: [VRFC 10-311] analyzing module axi_dwidth_converter_s64m32_fifo_generator_v13_2_3__parameterized0
INFO: [VRFC 10-311] analyzing module axi_dwidth_converter_s64m32_fifo_generator_v13_2_3__parameterized1
INFO: [VRFC 10-311] analyzing module axi_dwidth_converter_s64m32_fifo_generator_v13_2_3__parameterized2
INFO: [VRFC 10-311] analyzing module axi_dwidth_converter_s64m32_fifo_generator_v13_2_3__parameterized2__xdcDup__1
INFO: [VRFC 10-311] analyzing module axi_dwidth_converter_s64m32_fifo_generator_v13_2_3__xdcDup__1
INFO: [VRFC 10-311] analyzing module axi_dwidth_converter_s64m32_fifo_generator_v13_2_3_synth
INFO: [VRFC 10-311] analyzing module axi_dwidth_converter_s64m32_fifo_generator_v13_2_3_synth__parameterized0
INFO: [VRFC 10-311] analyzing module axi_dwidth_converter_s64m32_fifo_generator_v13_2_3_synth__parameterized1
INFO: [VRFC 10-311] analyzing module axi_dwidth_converter_s64m32_fifo_generator_v13_2_3_synth__parameterized2
INFO: [VRFC 10-311] analyzing module axi_dwidth_converter_s64m32_fifo_generator_v13_2_3_synth__parameterized2__xdcDup__1
INFO: [VRFC 10-311] analyzing module axi_dwidth_converter_s64m32_fifo_generator_v13_2_3_synth__xdcDup__1
INFO: [VRFC 10-311] analyzing module axi_dwidth_converter_s64m32_memory
INFO: [VRFC 10-311] analyzing module axi_dwidth_converter_s64m32_memory_2
INFO: [VRFC 10-311] analyzing module axi_dwidth_converter_s64m32_memory__parameterized0
INFO: [VRFC 10-311] analyzing module axi_dwidth_converter_s64m32_memory__parameterized1
INFO: [VRFC 10-311] analyzing module axi_dwidth_converter_s64m32_memory__parameterized2
INFO: [VRFC 10-311] analyzing module axi_dwidth_converter_s64m32_memory__parameterized2_32
INFO: [VRFC 10-311] analyzing module axi_dwidth_converter_s64m32_rd_bin_cntr
INFO: [VRFC 10-311] analyzing module axi_dwidth_converter_s64m32_rd_bin_cntr_15
INFO: [VRFC 10-311] analyzing module axi_dwidth_converter_s64m32_rd_bin_cntr_22
INFO: [VRFC 10-311] analyzing module axi_dwidth_converter_s64m32_rd_bin_cntr_29
INFO: [VRFC 10-311] analyzing module axi_dwidth_converter_s64m32_rd_bin_cntr_38
INFO: [VRFC 10-311] analyzing module axi_dwidth_converter_s64m32_rd_bin_cntr_8
INFO: [VRFC 10-311] analyzing module axi_dwidth_converter_s64m32_rd_fwft
INFO: [VRFC 10-311] analyzing module axi_dwidth_converter_s64m32_rd_fwft_13
INFO: [VRFC 10-311] analyzing module axi_dwidth_converter_s64m32_rd_fwft_20
INFO: [VRFC 10-311] analyzing module axi_dwidth_converter_s64m32_rd_fwft_27
INFO: [VRFC 10-311] analyzing module axi_dwidth_converter_s64m32_rd_fwft_36
INFO: [VRFC 10-311] analyzing module axi_dwidth_converter_s64m32_rd_fwft_6
INFO: [VRFC 10-311] analyzing module axi_dwidth_converter_s64m32_rd_logic
INFO: [VRFC 10-311] analyzing module axi_dwidth_converter_s64m32_rd_logic_0
INFO: [VRFC 10-311] analyzing module axi_dwidth_converter_s64m32_rd_logic_16
INFO: [VRFC 10-311] analyzing module axi_dwidth_converter_s64m32_rd_logic_23
INFO: [VRFC 10-311] analyzing module axi_dwidth_converter_s64m32_rd_logic_30
INFO: [VRFC 10-311] analyzing module axi_dwidth_converter_s64m32_rd_logic_9
INFO: [VRFC 10-311] analyzing module axi_dwidth_converter_s64m32_rd_status_flags_ss
INFO: [VRFC 10-311] analyzing module axi_dwidth_converter_s64m32_rd_status_flags_ss_14
INFO: [VRFC 10-311] analyzing module axi_dwidth_converter_s64m32_rd_status_flags_ss_21
INFO: [VRFC 10-311] analyzing module axi_dwidth_converter_s64m32_rd_status_flags_ss_28
INFO: [VRFC 10-311] analyzing module axi_dwidth_converter_s64m32_rd_status_flags_ss_37
INFO: [VRFC 10-311] analyzing module axi_dwidth_converter_s64m32_rd_status_flags_ss_7
INFO: [VRFC 10-311] analyzing module axi_dwidth_converter_s64m32_reset_blk_ramfifo
INFO: [VRFC 10-311] analyzing module axi_dwidth_converter_s64m32_reset_blk_ramfifo__xdcDup__1
INFO: [VRFC 10-311] analyzing module axi_dwidth_converter_s64m32_reset_blk_ramfifo__xdcDup__2
INFO: [VRFC 10-311] analyzing module axi_dwidth_converter_s64m32_reset_blk_ramfifo__xdcDup__3
INFO: [VRFC 10-311] analyzing module axi_dwidth_converter_s64m32_reset_blk_ramfifo__xdcDup__4
INFO: [VRFC 10-311] analyzing module axi_dwidth_converter_s64m32_reset_blk_ramfifo__xdcDup__5
INFO: [VRFC 10-311] analyzing module axi_dwidth_converter_s64m32_wr_bin_cntr
INFO: [VRFC 10-311] analyzing module axi_dwidth_converter_s64m32_wr_bin_cntr_12
INFO: [VRFC 10-311] analyzing module axi_dwidth_converter_s64m32_wr_bin_cntr_19
INFO: [VRFC 10-311] analyzing module axi_dwidth_converter_s64m32_wr_bin_cntr_26
INFO: [VRFC 10-311] analyzing module axi_dwidth_converter_s64m32_wr_bin_cntr_35
INFO: [VRFC 10-311] analyzing module axi_dwidth_converter_s64m32_wr_bin_cntr_5
INFO: [VRFC 10-311] analyzing module axi_dwidth_converter_s64m32_wr_logic
INFO: [VRFC 10-311] analyzing module axi_dwidth_converter_s64m32_wr_logic_1
INFO: [VRFC 10-311] analyzing module axi_dwidth_converter_s64m32_wr_logic_10
INFO: [VRFC 10-311] analyzing module axi_dwidth_converter_s64m32_wr_logic_17
INFO: [VRFC 10-311] analyzing module axi_dwidth_converter_s64m32_wr_logic_24
INFO: [VRFC 10-311] analyzing module axi_dwidth_converter_s64m32_wr_logic_31
INFO: [VRFC 10-311] analyzing module axi_dwidth_converter_s64m32_wr_status_flags_ss
INFO: [VRFC 10-311] analyzing module axi_dwidth_converter_s64m32_wr_status_flags_ss_11
INFO: [VRFC 10-311] analyzing module axi_dwidth_converter_s64m32_wr_status_flags_ss_18
INFO: [VRFC 10-311] analyzing module axi_dwidth_converter_s64m32_wr_status_flags_ss_25
INFO: [VRFC 10-311] analyzing module axi_dwidth_converter_s64m32_wr_status_flags_ss_34
INFO: [VRFC 10-311] analyzing module axi_dwidth_converter_s64m32_wr_status_flags_ss_4
INFO: [VRFC 10-311] analyzing module axi_dwidth_converter_s64m32_xpm_cdc_async_rst
INFO: [VRFC 10-311] analyzing module axi_dwidth_converter_s64m32_xpm_cdc_async_rst__10
INFO: [VRFC 10-311] analyzing module axi_dwidth_converter_s64m32_xpm_cdc_async_rst__6
INFO: [VRFC 10-311] analyzing module axi_dwidth_converter_s64m32_xpm_cdc_async_rst__7
INFO: [VRFC 10-311] analyzing module axi_dwidth_converter_s64m32_xpm_cdc_async_rst__8
INFO: [VRFC 10-311] analyzing module axi_dwidth_converter_s64m32_xpm_cdc_async_rst__9
INFO: [VRFC 10-311] analyzing module axi_slave
INFO: [VRFC 10-311] analyzing module f_IOPAD_H_ALL
INFO: [VRFC 10-311] analyzing module f_IOPAD_TOP
INFO: [VRFC 10-311] analyzing module f_IOPAD_V_ALL
INFO: [VRFC 10-311] analyzing module f_PAD_RGMII_DATA
INFO: [VRFC 10-311] analyzing module f_PAD_RGMII_DATA_19
INFO: [VRFC 10-311] analyzing module f_PAD_RGMII_DATA_20
INFO: [VRFC 10-311] analyzing module f_PAD_RGMII_DATA_21
INFO: [VRFC 10-311] analyzing module f_PAD_RGMII_DATA_22
INFO: [VRFC 10-311] analyzing module f_PAD_RGMII_DATA_23
INFO: [VRFC 10-311] analyzing module f_PAD_RGMII_DATA_24
INFO: [VRFC 10-311] analyzing module f_PAD_RGMII_DATA_25
INFO: [VRFC 10-311] analyzing module f_PAD_RGMII_DATA_26
INFO: [VRFC 10-311] analyzing module f_PAD_RGMII_DATA_27
INFO: [VRFC 10-311] analyzing module f_PAD_RGMII_DATA_28
INFO: [VRFC 10-311] analyzing module f_PAD_RGMII_DATA_29
INFO: [VRFC 10-311] analyzing module f_PAD_RGMII_DATA_30
INFO: [VRFC 10-311] analyzing module f_PAD_RGMII_DATA_31
INFO: [VRFC 10-311] analyzing module f_PAD_RGMII_DATA_32
INFO: [VRFC 10-311] analyzing module f_PAD_RGMII_DATA_33
INFO: [VRFC 10-311] analyzing module f_PAD_RGMII_DATA_34
INFO: [VRFC 10-311] analyzing module f_PAD_RGMII_DATA_35
INFO: [VRFC 10-311] analyzing module f_PAD_RGMII_DATA_36
INFO: [VRFC 10-311] analyzing module f_PAD_RGMII_DATA_37
INFO: [VRFC 10-311] analyzing module f_PAD_RGMII_DATA_38
INFO: [VRFC 10-311] analyzing module f_PAD_RGMII_DATA_39
INFO: [VRFC 10-311] analyzing module f_PAD_RGMII_DATA_40
INFO: [VRFC 10-311] analyzing module f_PAD_RGMII_DATA_41
INFO: [VRFC 10-311] analyzing module f_PAD_RGMII_DATA_42
INFO: [VRFC 10-311] analyzing module f_PAD_RGMII_DATA_43
INFO: [VRFC 10-311] analyzing module f_PAD_RGMII_DATA_44
INFO: [VRFC 10-311] analyzing module f_PAD_RGMII_DATA_45
INFO: [VRFC 10-311] analyzing module f_PAD_RGMII_DATA_46
INFO: [VRFC 10-311] analyzing module f_PAD_RGMII_DATA_47
INFO: [VRFC 10-311] analyzing module f_PAD_RGMII_DATA_48
INFO: [VRFC 10-311] analyzing module f_PAD_RGMII_DATA_49
INFO: [VRFC 10-311] analyzing module f_PAD_RGMII_DATA_50
INFO: [VRFC 10-311] analyzing module f_PAD_RGMII_DATA_51
INFO: [VRFC 10-311] analyzing module f_PAD_RGMII_DATA_52
INFO: [VRFC 10-311] analyzing module f_PAD_RGMII_DATA_53
INFO: [VRFC 10-311] analyzing module f_aim_dflop
INFO: [VRFC 10-311] analyzing module f_aim_dflop_11
INFO: [VRFC 10-311] analyzing module f_aim_dflop_12
INFO: [VRFC 10-311] analyzing module f_aim_dflop_13
INFO: [VRFC 10-311] analyzing module f_aim_dflop_14
INFO: [VRFC 10-311] analyzing module f_aim_dflop_15
INFO: [VRFC 10-311] analyzing module f_aim_dflop_16
INFO: [VRFC 10-311] analyzing module f_aim_dflop_17
INFO: [VRFC 10-311] analyzing module f_aim_dflop_18
INFO: [VRFC 10-311] analyzing module f_aim_dflop_3
INFO: [VRFC 10-311] analyzing module f_aim_dflop_4
INFO: [VRFC 10-311] analyzing module f_aim_dflop_5
INFO: [VRFC 10-311] analyzing module f_aim_dflop_6
INFO: [VRFC 10-311] analyzing module f_aim_dflop_63
INFO: [VRFC 10-311] analyzing module f_aim_dflop_64
INFO: [VRFC 10-311] analyzing module f_aim_dflop_65
INFO: [VRFC 10-311] analyzing module f_aim_dflop_67
INFO: [VRFC 10-311] analyzing module f_aim_dflop_68
INFO: [VRFC 10-311] analyzing module f_aim_dflop_69
INFO: [VRFC 10-311] analyzing module f_aim_dflop_7
INFO: [VRFC 10-311] analyzing module f_aim_dflop_70
INFO: [VRFC 10-311] analyzing module f_aim_dflop_71
INFO: [VRFC 10-311] analyzing module f_aim_dflop_72
INFO: [VRFC 10-311] analyzing module f_aim_dflop_73
INFO: [VRFC 10-311] analyzing module f_aim_dflop_76
INFO: [VRFC 10-311] analyzing module f_aim_dflop_77
INFO: [VRFC 10-311] analyzing module f_aim_dflop_78
INFO: [VRFC 10-311] analyzing module f_aim_dflop_79
INFO: [VRFC 10-311] analyzing module f_aim_dflop_80
INFO: [VRFC 10-311] analyzing module f_aim_dflop_81
INFO: [VRFC 10-311] analyzing module f_aim_dflop_82
INFO: [VRFC 10-311] analyzing module f_aim_dflop_85
INFO: [VRFC 10-311] analyzing module f_aim_dflop_86
INFO: [VRFC 10-311] analyzing module f_aim_pulse_sync
INFO: [VRFC 10-311] analyzing module f_aim_pulse_sync_58
INFO: [VRFC 10-311] analyzing module f_aim_pulse_sync_61
INFO: [VRFC 10-311] analyzing module f_aim_rego_sync
INFO: [VRFC 10-311] analyzing module f_aim_rego_sync_56
INFO: [VRFC 10-311] analyzing module f_aim_rego_sync_57
INFO: [VRFC 10-311] analyzing module f_aim_rego_sync_59
INFO: [VRFC 10-311] analyzing module f_aim_rego_sync_60
INFO: [VRFC 10-311] analyzing module f_aim_rego_sync_62
INFO: [VRFC 10-311] analyzing module f_aim_rego_sync_66
INFO: [VRFC 10-311] analyzing module f_aim_rego_sync_74
INFO: [VRFC 10-311] analyzing module f_aim_rego_sync_83
INFO: [VRFC 10-311] analyzing module f_aim_reset_sync
INFO: [VRFC 10-311] analyzing module f_aim_reset_sync_1
INFO: [VRFC 10-311] analyzing module f_aim_reset_sync_10
INFO: [VRFC 10-311] analyzing module f_aim_reset_sync_2
INFO: [VRFC 10-311] analyzing module f_aim_reset_sync_8
INFO: [VRFC 10-311] analyzing module f_aim_reset_sync_9
INFO: [VRFC 10-311] analyzing module f_aim_tflop
INFO: [VRFC 10-311] analyzing module f_aim_tflop_75
INFO: [VRFC 10-311] analyzing module f_aim_tflop_84
INFO: [VRFC 10-311] analyzing module f_bio_axi_rslice
INFO: [VRFC 10-311] analyzing module f_bio_cdc
INFO: [VRFC 10-311] analyzing module f_bio_core
INFO: [VRFC 10-311] analyzing module f_bio_cpum_ctrl
INFO: [VRFC 10-311] analyzing module f_bio_cpus_ctrl
INFO: [VRFC 10-311] analyzing module f_bio_rst_ctrl
INFO: [VRFC 10-311] analyzing module f_bio_rx_ctrl
INFO: [VRFC 10-311] analyzing module f_bio_rx_pkt
INFO: [VRFC 10-311] analyzing module f_bio_tx_ctrl
INFO: [VRFC 10-311] analyzing module f_bio_tx_pkt
INFO: [VRFC 10-311] analyzing module f_fbio_top
INFO: [VRFC 10-311] analyzing module f_fbio_wrap
INFO: [VRFC 10-311] analyzing module fbio_fpga
INFO: [VRFC 10-311] analyzing module pll0
INFO: [VRFC 10-311] analyzing module pll0_clk_wiz
INFO: [VRFC 10-311] analyzing module s1p_ram64x72
INFO: [VRFC 10-311] analyzing module s2p_ram128x64
INFO: [VRFC 10-311] analyzing module s2p_ram64x64
INFO: [VRFC 10-311] analyzing module s2p_ram64x72
INFO: [VRFC 10-311] analyzing module sim_ASYNC_FIFO8X72_LATCH
INFO: [VRFC 10-311] analyzing module sim_ASYNC_FIFO8X72_LATCH_55
INFO: [VRFC 10-311] analyzing module sim_Bisted_S1P64X72
INFO: [VRFC 10-311] analyzing module sim_Bisted_S2P128X64
INFO: [VRFC 10-311] analyzing module sim_Bisted_S2P64X64
INFO: [VRFC 10-311] analyzing module sim_Bisted_S2P64X64_54
INFO: [VRFC 10-311] analyzing module sim_Bisted_S2P64X72
INFO: [VRFC 10-311] analyzing module soc_top
INFO: [VRFC 10-311] analyzing module glbl
INFO: [VRFC 10-2263] Analyzing Verilog file "C:/Users/smn90/Desktop/axi_slave_soc/sim/sim_top.v" into library xil_defaultlib
INFO: [VRFC 10-311] analyzing module sim_top
